[debug] [2023-12-18T11:14:18.452Z] ----------------------------------------------------------------------
[debug] [2023-12-18T11:14:18.456Z] Command:       C:\Program Files\nodejs\node.exe C:\Users\User\AppData\Roaming\npm\node_modules\firebase-tools\lib\bin\firebase.js init
[debug] [2023-12-18T11:14:18.456Z] CLI Version:   12.5.2
[debug] [2023-12-18T11:14:18.456Z] Platform:      win32
[debug] [2023-12-18T11:14:18.457Z] Node Version:  v20.10.0
[debug] [2023-12-18T11:14:18.457Z] Time:          Mon Dec 18 2023 13:14:18 GMT+0200 (Israel Standard Time)
[debug] [2023-12-18T11:14:18.457Z] ----------------------------------------------------------------------
[debug] 
[debug] [2023-12-18T11:14:18.461Z] >>> [apiv2][query] GET https://firebase-public.firebaseio.com/cli.json [none]
[debug] [2023-12-18T11:14:18.519Z] > command requires scopes: ["email","openid","https://www.googleapis.com/auth/cloudplatformprojects.readonly","https://www.googleapis.com/auth/firebase","https://www.googleapis.com/auth/cloud-platform"]
[debug] [2023-12-18T11:14:18.519Z] > authorizing via signed-in user (denis.mironik@gmail.com)
[info] 
     ######## #### ########  ######## ########     ###     ######  ########
     ##        ##  ##     ## ##       ##     ##  ##   ##  ##       ##
     ######    ##  ########  ######   ########  #########  ######  ######
     ##        ##  ##    ##  ##       ##     ## ##     ##       ## ##
     ##       #### ##     ## ######## ########  ##     ##  ######  ########

You're about to initialize a Firebase project in this directory:

  C:\Users\User\Desktop\Eccomerse\server

[debug] [2023-12-18T11:14:18.919Z] <<< [apiv2][status] GET https://firebase-public.firebaseio.com/cli.json 200
[debug] [2023-12-18T11:14:18.919Z] <<< [apiv2][body] GET https://firebase-public.firebaseio.com/cli.json {"cloudBuildErrorAfter":1594252800000,"cloudBuildWarnAfter":1590019200000,"defaultNode10After":1594252800000,"minVersion":"3.0.5","node8DeploysDisabledAfter":1613390400000,"node8RuntimeDisabledAfter":1615809600000,"node8WarnAfter":1600128000000}
